[00:00] Crash dump logging enabled: D:\a\ComfyUI-MotionCapture\ComfyUI-MotionCapture\comfy-test-logs\MotionCapture-2341\windows-cpu\crash_dump.log
[00:00] 
[00:00] [1/3] REGISTRATION
[00:00] ----------------------------------------
[00:00] [DEBUG] server=None, server_url=http://127.0.0.1:8188, api=None
[00:00] 
Connecting to existing server at http://127.0.0.1:8188...
[00:00] Connecting to existing server at http://127.0.0.1:8188...
[00:00] Connected to server! (attempt 1, 0.0s)
[00:00] Checking for import errors in server logs...
[00:00] No import errors detected
[00:00] Found 700 registered nodes
[00:00] [REGISTRATION] PASSED
[00:00] 
[00:00] [2/3] INSTANTIATION
[00:00] ----------------------------------------
[00:00] [DEBUG] server=<comfy_test.comfyui.server.ExternalComfyUIServer object at 0x000001EE17530590>, server_url=http://127.0.0.1:8188, api=<comfy_test.comfyui.api.ComfyUIAPI object at 0x000001EE175306E0>
[00:00] Testing node constructors...
[00:10] All 21 node(s) instantiated successfully!
[00:10] [INSTANTIATION] PASSED
[00:10] 
[00:10] [3/3] EXECUTION
[00:10] ----------------------------------------
[00:10] [DEBUG] server=<comfy_test.comfyui.server.ExternalComfyUIServer object at 0x000001EE17530590>, server_url=http://127.0.0.1:8188, api=<comfy_test.comfyui.api.ComfyUIAPI object at 0x000001EE175306E0>
[00:10] CPU runner - will execute 3 workflow(s)
[00:10] Running 5 workflow(s) (all with videos)...
[00:11] Execution path: browser (Playwright)
[01:06]   [2/5] SKIPPED (not in cpu list) GVHMR.json
[01:06]   [3/5] SKIPPED (not in cpu list) GVHMR_cameramotion.json
[03:26] Results saved to D:\a\ComfyUI-MotionCapture\ComfyUI-MotionCapture\comfy-test-logs\MotionCapture-2341\windows-cpu\results.json
[03:26] Model report: 3 files, 311.2 MB -> D:\a\ComfyUI-MotionCapture\ComfyUI-MotionCapture\comfy-test-logs\MotionCapture-2341\windows-cpu\models.json
[03:26] Saved: D:\a\ComfyUI-MotionCapture\ComfyUI-MotionCapture\comfy-test-logs\MotionCapture-2341\windows-cpu\index.html
[03:26] [EXECUTION] PASSED
[03:26] 
windows: PASSED
