[00:00] Crash dump logging enabled: /home/runner/work/ComfyUI-MotionCapture/ComfyUI-MotionCapture/comfy-test-logs/MotionCapture-2339/linux-cpu/crash_dump.log
[00:00] 
[00:00] [1/3] REGISTRATION
[00:00] ----------------------------------------
[00:00] [DEBUG] server=None, server_url=http://127.0.0.1:8188, api=None
[00:00] 
Connecting to existing server at http://127.0.0.1:8188...
[00:00] Connecting to existing server at http://127.0.0.1:8188...
[00:00] Connected to server! (attempt 1, 0.0s)
[00:00] Checking for import errors in server logs...
[00:00] No import errors detected
[00:00] Found 700 registered nodes
[00:00] [REGISTRATION] PASSED
[00:00] 
[00:00] [2/3] INSTANTIATION
[00:00] ----------------------------------------
[00:00] [DEBUG] server=<comfy_test.comfyui.server.ExternalComfyUIServer object at 0x7fa2eeb54830>, server_url=http://127.0.0.1:8188, api=<comfy_test.comfyui.api.ComfyUIAPI object at 0x7fa2eeb54980>
[00:00] Testing node constructors...
[00:05] All 21 node(s) instantiated successfully!
[00:05] [INSTANTIATION] PASSED
[00:05] 
[00:05] [3/3] EXECUTION
[00:05] ----------------------------------------
[00:05] [DEBUG] server=<comfy_test.comfyui.server.ExternalComfyUIServer object at 0x7fa2eeb54830>, server_url=http://127.0.0.1:8188, api=<comfy_test.comfyui.api.ComfyUIAPI object at 0x7fa2eeb54980>
[00:05] CPU runner - will execute 3 workflow(s)
[00:05] Running 5 workflow(s) (all with videos)...
[00:07] Execution path: browser (Playwright)
[00:07]   [1/5] SKIPPED (not in cpu list) GVHMR.json
[00:07]   [2/5] SKIPPED (not in cpu list) GVHMR_cameramotion.json
[02:54] Results saved to /home/runner/work/ComfyUI-MotionCapture/ComfyUI-MotionCapture/comfy-test-logs/MotionCapture-2339/linux-cpu/results.json
[02:54] Model report: 3 files, 311.2 MB -> /home/runner/work/ComfyUI-MotionCapture/ComfyUI-MotionCapture/comfy-test-logs/MotionCapture-2339/linux-cpu/models.json
[02:54] Saved: /home/runner/work/ComfyUI-MotionCapture/ComfyUI-MotionCapture/comfy-test-logs/MotionCapture-2339/linux-cpu/index.html
[02:54] [EXECUTION] PASSED
[02:54] 
linux: PASSED
