[00:00] Crash dump logging enabled: C:\github-runners\PozzettiAndrea-ComfyUI-MotionCapture\_work\ComfyUI-MotionCapture\ComfyUI-MotionCapture\comfy-test-logs\MotionCapture-1805\windows-gpu\crash_dump.log
[00:00] 
[00:00] [1/3] REGISTRATION
[00:00] ----------------------------------------
[00:00] [DEBUG] server=None, server_url=http://127.0.0.1:8188, api=None
[00:00] 
Connecting to existing server at http://127.0.0.1:8188...
[00:00] Connecting to existing server at http://127.0.0.1:8188...
[00:00] Connected to server! (attempt 1, 0.0s)
[00:00] Checking for import errors in server logs...
[00:00] No import errors detected
[00:00] Found 695 registered nodes
[00:00] [REGISTRATION] PASSED
[00:00] 
[00:00] [2/3] INSTANTIATION
[00:00] ----------------------------------------
[00:00] [DEBUG] server=<comfy_test.comfyui.server.ExternalComfyUIServer object at 0x000001C40EE3D940>, server_url=http://127.0.0.1:8188, api=<comfy_test.comfyui.api.ComfyUIAPI object at 0x000001C40EE3DA90>
[00:00] Testing node constructors...
[00:59] All 21 node(s) instantiated successfully!
[00:59] [INSTANTIATION] PASSED
[00:59] 
[00:59] [3/3] EXECUTION
[00:59] ----------------------------------------
[00:59] [DEBUG] server=<comfy_test.comfyui.server.ExternalComfyUIServer object at 0x000001C40EE3D940>, server_url=http://127.0.0.1:8188, api=<comfy_test.comfyui.api.ComfyUIAPI object at 0x000001C40EE3DA90>
[00:59] GPU runner - will execute 2 workflow(s)
[00:59] Running 5 workflow(s) (all with videos)...
[01:12] Execution path: browser (Playwright)
[01:13]   [1/5] SKIPPED (not in gpu list) apply_motion_on_character.json
[17:04]   [4/5] SKIPPED (not in gpu list) load_camera_traj.json
[17:05]   [5/5] SKIPPED (not in gpu list) smpl_to_bvh_pipeline.json
[17:07] Results saved to C:\github-runners\PozzettiAndrea-ComfyUI-MotionCapture\_work\ComfyUI-MotionCapture\ComfyUI-MotionCapture\comfy-test-logs\MotionCapture-1805\windows-gpu\results.json
[17:07] Model report: 13 files, 5.6 GB -> C:\github-runners\PozzettiAndrea-ComfyUI-MotionCapture\_work\ComfyUI-MotionCapture\ComfyUI-MotionCapture\comfy-test-logs\MotionCapture-1805\windows-gpu\models.json
[17:07] Saved: C:\github-runners\PozzettiAndrea-ComfyUI-MotionCapture\_work\ComfyUI-MotionCapture\ComfyUI-MotionCapture\comfy-test-logs\MotionCapture-1805\windows-gpu\index.html
[17:07] [EXECUTION] PASSED
[17:07] 
windows: PASSED
