[Console-error] Failed to load resource: the server responded with a status of 404 (Not Found)
[Console-error] Failed to load resource: the server responded with a status of 404 (Not Found)
[Console-error] Failed to load resource: the server responded with a status of 404 (Not Found)
[Console-error] Failed to load resource: the server responded with a status of 404 (Not Found)
[Console-error] Failed to load resource: the server responded with a status of 404 (Not Found)
[Console-error] Failed to load resource: the server responded with a status of 404 (Not Found)
[Console-log] [FBXAnimationViewer] Loading FBX Animation Viewer extension
[Console-log] [FBXAnimationViewer] Loading FBX Animation Viewer extension...
[Console-log] [FBXAnimationViewer] Extension registered: comfy3d.fbxanimationviewer
[Console-log] [SMPL] Loading SMPL Viewer extension
[Console-log] [SMPLViewer] Extension registered: comfy3d.smplviewer
[Console-log] [SMPLCameraViewer] Loading SMPL Camera Viewer extension
[Console-log] [SMPLCameraViewer] Loading extension...
[Console-log] [SMPLCameraViewer] Extension registered: comfy3d.smplcameraviewer
[Console-log] [FBX Preview] Auto-registering for all known FBX preview node types...
[Console-log] [UniRig] Loading FBX mesh preview extension...
[Console-log] [UniRig] Detected extension folder: ComfyUI-MotionCapture
[Console-log] [UniRig] FBX mesh preview extension registered
[Console-log] [SAM3DBody] Loading FBX mesh preview extension...
[Console-log] [SAM3DBody] Detected extension folder: ComfyUI-MotionCapture
[Console-log] [SAM3DBody] FBX mesh preview extension registered
[Console-log] [MotionCapture] Loading FBX mesh preview extension...
[Console-log] [MotionCapture] Detected extension folder: ComfyUI-MotionCapture
[Console-log] [MotionCapture] FBX mesh preview extension registered
[Console-log] [MotionCapture] Loading FBX mesh preview extension...
[Console-log] [MotionCapture] Detected extension folder: ComfyUI-MotionCapture
[Console-log] [MotionCapture] FBX mesh preview extension registered
[Console-log] [BVHViewer] Loading BVH Viewer extension
[Console-log] [BVHViewer] Loading BVH viewer extension...
[Console-log] [BVHViewer] Extension registered: comfy3d.bvhviewer
[Console-log] [HY-Motion] app imported successfully: true
[Console-log] [UniRig Compare] Loading compare skeleton widget...
[Console-log] [UniRig Compare] Detected extension folder: ComfyUI-MotionCapture
[Console-log] [UniRig Compare] Compare skeleton widget registered
[Console-log] [CompareSMPLBVH] Loading Compare SMPL BVH extension
[Console-log] [CompareSMPLBVH] Loading Compare SMPL BVH extension...
[Console-log] [CompareSMPLBVH] Extension registered: comfy3d.comparesmplbvh
[Console-warning] [ComfyUI Notice] "extensions/core/widgetInputs.js" is an internal module, not part of the public API. Future updates may break this import.
[Console-warning] [ComfyUI Notice] "scripts/utils.js" is an internal module, not part of the public API. Future updates may break this import.
[Console-warning] WARNING: Multiple instances of Three.js being imported.
[Console-warning] WARNING: Multiple instances of Three.js being imported.
[Console-warning] [MaskEditor] ComfyApp.open_maskeditor is deprecated. Plugins should migrate to using the command system or direct node context menu integration.
[Console-log] [HY-Motion] 3D Viewer Extension Loaded (v3.5 - Alt+Z Undo)
[Console-log] [MotionCapture] Registering Preview Rigged Mesh node
[Console-log] [FBXAnimationViewer] Registering FBXAnimationViewer node
[Console-log] [BVHViewer] Registering BVHViewer node
[Console-log] [CompareSMPLBVH] Registering CompareSMPLtoBVH node
[Console-log] [UniRig Compare] Registering Compare Skeletons node
[Console-log] [SMPLViewer] Registering SMPLViewer node
[Console-log] [SMPLCameraViewer] Registering SMPLCameraViewer node
[Console-log] [HY-Motion] Creating Node: HYMotionRetargetFBX -1
[Console-error] Failed to load resource: the server responded with a status of 404 (Not Found)
[Console-error] Error loading model: HttpError: fetch for "http://127.0.0.1:8188/api/view?type=output&subfolder=hymotion_retarget&filename=retarget_20260213_150512819_067dc21f_000.fbx" responded with 404: Not Found
    at http://127.0.0.1:8188/assets/vendor-three-BDtRe4OM.js:3824:95202
[Console-error] Failed to load resource: the server responded with a status of 404 (Not Found)
[Console-error] Error loading model: HttpError: fetch for "http://127.0.0.1:8188/api/view?type=output&subfolder=hymotion_retarget&filename=retarget_20260213_150512819_067dc21f_000.fbx" responded with 404: Not Found
    at http://127.0.0.1:8188/assets/vendor-three-BDtRe4OM.js:3824:95202
[Console-error] Failed to load resource: the server responded with a status of 404 (Not Found)
[Console-warning] WebGL: INVALID_OPERATION: loseContext: context already lost
[Console-log] [comfy-test] graphToPrompt: 4 nodes, missing class_type: [], sample: {"inputs":{"file_path":"smpl_params_example.npz"},"class_type":"LoadSMPL","_meta":{"title":"Load SMPL Params"}}
[Console-log] [SMPLCameraViewer] Video: smpl_camera_mesh_0001_ref.mp4 (fps=25)
[Console-log] [SMPLCameraViewer] Loading mesh file: smpl_camera_mesh_0001.bin
[Console-log] [SMPLCameraViewer] Fetched 87.1 MB
[Console-log] [SMPC] Parsing buffer: 91325060 bytes
[Console-log] [SMPC] Header: frames=551, verts=6890, faces=13776, fps=30
[Console-log] [SMPC] hasCamera=true, img=1920x1080, offset=96
[Console-log] [SMPC] Reading camera data at offset=45722088
[Console-log] [SMPC] Camera pos frame 0: [-0.603, 2.557, -4.286]
[Console-log] [SMPC] K_fullimg[0]: fx=3278.2, fy=2455.5, cx=960.0, cy=540.0
[Console-log] [SMPC] Loaded incam vertices: 551 frames
[Console-log] [SMPC] Parse complete. 91325056/91325060 bytes consumed
[Console-log] [SMPC] Loaded: 551 frames, 6890 verts, camera=true, incam=true
[Console-log] [SMPC] Created camera frustum helper, fovY=24.8
[Console-log] [SMPC] Camera mode: through_camera